 * Debug mode: off
newman

s04+forum-posts_users

â ---templates--- / create post
â†³ ---/user: create user #Ext1 Copy---
  â”Œ
  â”‚ 'ctx restore start...'
  â”‚ '_encodeJSON:  restored'
  â”‚ '_decodeJSON:  restored'
  â”‚ '_user:  restored'
  â”‚ '_userPrev:  restored'
  â”‚ '_userNo:  restored'
  â”‚ '_userVarName:  restored'
  â”‚ '_userRepo:  restored'
  â”‚ '_post:  restored'
  â”‚ '_postPrev:  restored'
  â”‚ '_postNo:  restored'
  â”‚ '_postVarName:  restored'
  â”‚ '_postRepo:  restored'
  â”‚ 'ctx restore end---'
  â””
  POST http://127.0.0.1:5000/user [200 OK, 371B, 26ms]
  1. return 'user_id', 'user_key', 'username', 'user_bio'
  2. 'user_id' should be a postive int
  3. 'user_key' should be a non-empty string
  âœ“  'username' should be a non-empty string
  âœ“  'user_bio' should be a non-empty string
  âœ“  return correct 'username', 'user_bio'
  â”Œ
  â”‚ 'ctx save start...'
  â”‚ '_pm skipped'
  â”‚ '_encodeJSON: saved'
  â”‚ '_decodeJSON: saved'
  â”‚ '_user: null saved'
  â”‚ '_userPrev: {\n' +
  â”‚   '  "user_id": null,\n' +
  â”‚   '  "user_key": null,\n' +
  â”‚   '  "username": "Omer.Monahan93",\n' +
  â”‚   '  "user_bio": "Use the auxiliary IB microchip, then
  â”‚  you can navigate the virtual pixel!"\n' +
  â”‚   '} saved'
  â”‚ '_userNo: saved'
  â”‚ '_userVarName: saved'
  â”‚ '_userRepo: saved'
  â”‚ '_post: null saved'
  â”‚ '_postPrev: saved'
  â”‚ '_postNo: saved'
  â”‚ '_postVarName: saved'
  â”‚ '_postRepo: saved'
  â”‚ 'ctx save end---'
  â””

â†³ /post: create post  --msg
  â”Œ
  â”‚ 'ctx restore start...'
  â”‚ '_encodeJSON:  restored'
  â”‚ '_decodeJSON:  restored'
  â”‚ '_user: null restored JSON'
  â”‚ '_userPrev: {"user_id":null,"user_key":null,"username"
  â”‚ :"Omer.Monahan93","user_bio":"Use the auxiliary IB mic
  â”‚ rochip, then you can navigate the virtual pixel!"} res
  â”‚ tored JSON'
  â”‚ '_userNo:  restored'
  â”‚ '_userVarName:  restored'
  â”‚ '_userRepo:  restored'
  â”‚ '_post: null restored JSON'
  â”‚ '_postPrev:  restored'
  â”‚ '_postNo:  restored'
  â”‚ '_postVarName:  restored'
  â”‚ '_postRepo:  restored'
  â”‚ 'ctx restore end---'
  â””
  POST http://127.0.0.1:5000/post [200 OK, 373B, 3ms]
  4. return 'post_id', 'post_key', 'timestamp', 'msg'
  5. 'post_id' should be a postive int
  6. 'post_key' should be a non-empty string
  âœ“  'timestamp' is ISO format
  âœ“  'timestamp' has correct date and time
  âœ“  'msg' should be a non-empty string
  âœ“  'user_id' is expected to be absent or present with trivial value
  âœ“  'user_key' is expected to be absent or present with trivial value
  âœ“  'username' is expected to be absent or present with trivial value
  âœ“  'reply_to' is expected to be absent or present with trivial value
  âœ“  'replies' is expected to be absent or present with trivial value
  â”Œ
  â”‚ 'ctx save start...'
  â”‚ '_pm skipped'
  â”‚ '_encodeJSON: saved'
  â”‚ '_decodeJSON: saved'
  â”‚ '_user: null saved'
  â”‚ '_userPrev: null saved'
  â”‚ '_userNo: saved'
  â”‚ '_userVarName: saved'
  â”‚ '_userRepo: saved'
  â”‚ '_post: null saved'
  â”‚ '_postPrev: {\n' +
  â”‚   '  "post_id": null,\n' +
  â”‚   '  "post_key": null,\n' +
  â”‚   '  "timestamp": "2023-12-17T03:13:39.662382",\n' +
  â”‚   '  "msg": "Non qui ipsa voluptatem eum corporis. Nob
  â”‚ is vitae incidunt et velit natus et veniam sit magni."
  â”‚ ,\n' +
  â”‚   '  "user_id": null,\n' +
  â”‚   '  "user_key": null,\n' +
  â”‚   '  "username": null,\n' +
  â”‚   '  "user_bio": null,\n' +
  â”‚   '  "reply_to": null,\n' +
  â”‚   '  "replies": []\n' +
  â”‚   '} saved'
  â”‚ '_postNo: saved'
  â”‚ '_postVarName: saved'
  â”‚ '_postRepo: saved'
  â”‚ 'ctx save end---'
  â””

â†³ /post: create post  --msg&reply_to
  â”Œ
  â”‚ 'ctx restore start...'
  â”‚ '_encodeJSON:  restored'
  â”‚ '_decodeJSON:  restored'
  â”‚ '_user: null restored JSON'
  â”‚ '_userPrev: null restored JSON'
  â”‚ '_userNo:  restored'
  â”‚ '_userVarName:  restored'
  â”‚ '_userRepo:  restored'
  â”‚ '_post: null restored JSON'
  â”‚ '_postPrev: {"post_id":null,"post_key":null,"timestamp
  â”‚ ":"2023-12-17T03:13:39.662382","msg":"Non qui ipsa vol
  â”‚ uptatem eum corporis. Nobis vitae incidunt et velit na
  â”‚ tus et veniam sit magni.","user_id":null,"user_key":nu
  â”‚ ll,"username":null,"user_bio":null,"reply_to":null,"re
  â”‚ plies":[]} restored JSON'
  â”‚ '_postNo:  restored'
  â”‚ '_postVarName:  restored'
  â”‚ '_postRepo:  restored'
  â”‚ 'ctx restore end---'
  â””
  POST http://127.0.0.1:5000/post [200 OK, 558B, 3ms]
  7. return 'post_id', 'post_key', 'msg', 'timestamp', 'reply_to'
  8. 'post_id' should be a postive int
  9. 'post_key' should be a non-empty string
  âœ“  'timestamp' is ISO format
  âœ“  'timestamp' has correct date and time
  âœ“  'msg' should be a non-empty string
  âœ“  'user_id' is expected to be absent or present with trivial value
  âœ“  'user_key' is expected to be absent or present with trivial value
  âœ“  'username' is expected to be absent or present with trivial value
 10. 'reply_to' should be a postive int
  âœ“  'replies' is expected to be absent or present with trivial value
  â”Œ
  â”‚ 'ctx save start...'
  â”‚ '_pm skipped'
  â”‚ '_encodeJSON: saved'
  â”‚ '_decodeJSON: saved'
  â”‚ '_user: null saved'
  â”‚ '_userPrev: null saved'
  â”‚ '_userNo: saved'
  â”‚ '_userVarName: saved'
  â”‚ '_userRepo: saved'
  â”‚ '_post: null saved'
  â”‚ '_postPrev: {\n' +
  â”‚   '  "post_id": null,\n' +
  â”‚   '  "post_key": null,\n' +
  â”‚   '  "timestamp": "2023-12-17T03:13:39.694121",\n' +
  â”‚   '  "msg": "Magnam non saepe quos. Natus perspiciatis
  â”‚  quia perferendis odio quia placeat magnam. Dolorum om
  â”‚ nis velit sint autem. Repellendus fugit reprehenderit.
  â”‚  Labore esse vel dolorum quia nihil adipisci qui occae
  â”‚ cati ut. Voluptas dolor enim neque sit mollitia culpa 
  â”‚ libero molestias fuga.",\n' +
  â”‚   '  "user_id": null,\n' +
  â”‚   '  "user_key": null,\n' +
  â”‚   '  "username": null,\n' +
  â”‚   '  "user_bio": null,\n' +
  â”‚   '  "reply_to": null,\n' +
  â”‚   '  "replies": []\n' +
  â”‚   '} saved'
  â”‚ '_postNo: saved'
  â”‚ '_postVarName: saved'
  â”‚ '_postRepo: saved'
  â”‚ 'ctx save end---'
  â””

â†³ /post: create post  --msg&user_id&user_key
  â”Œ
  â”‚ 'ctx restore start...'
  â”‚ '_encodeJSON:  restored'
  â”‚ '_decodeJSON:  restored'
  â”‚ '_user: null restored JSON'
  â”‚ '_userPrev: null restored JSON'
  â”‚ '_userNo:  restored'
  â”‚ '_userVarName:  restored'
  â”‚ '_userRepo:  restored'
  â”‚ '_post: null restored JSON'
  â”‚ '_postPrev: {"post_id":null,"post_key":null,"timestamp
  â”‚ ":"2023-12-17T03:13:39.694121","msg":"Magnam non saepe
  â”‚  quos. Natus perspiciatis quia perferendis odio quia p
  â”‚ laceat magnam. Dolorum omnis velit sint autem. Repelle
  â”‚ ndus fugit reprehenderit. Labore esse vel dolorum quia
  â”‚  nihil adipisci qui occaecati ut. Voluptas dolor enim 
  â”‚ neque sit mollitia culpa libero molestias fuga.","user
  â”‚ _id":null,"user_key":null,"username":null,"user_bio":n
  â”‚ ull,"reply_to":null,"replies":[]} restored JSON'
  â”‚ '_postNo:  restored'
  â”‚ '_postVarName:  restored'
  â”‚ '_postRepo:  restored'
  â”‚ 'ctx restore end---'
  â””
  POST http://127.0.0.1:5000/post [200 OK, 573B, 2ms]
 11. return 'post_id', 'post_key', 'msg', 'timestamp', 'user_id', 'username'
 12. 'post_id' should be a postive int
 13. 'post_key' should be a non-empty string
  âœ“  'timestamp' is ISO format
  âœ“  'timestamp' has correct date and time
  âœ“  'msg' should be a non-empty string
 14. 'user_id' should be a postive int
 15. 'user_key' should be a non-empty string
 16. 'username' should be a non-empty string
  âœ“  'reply_to' is expected to be absent or present with trivial value
  âœ“  'replies' is expected to be absent or present with trivial value
  â”Œ
  â”‚ 'ctx save start...'
  â”‚ '_pm skipped'
  â”‚ '_encodeJSON: saved'
  â”‚ '_decodeJSON: saved'
  â”‚ '_user: null saved'
  â”‚ '_userPrev: null saved'
  â”‚ '_userNo: saved'
  â”‚ '_userVarName: saved'
  â”‚ '_userRepo: saved'
  â”‚ '_post: null saved'
  â”‚ '_postPrev: {\n' +
  â”‚   '  "post_id": null,\n' +
  â”‚   '  "post_key": null,\n' +
  â”‚   '  "timestamp": "2023-12-17T03:13:39.722893",\n' +
  â”‚   '  "msg": "Qui et iusto praesentium perferendis faci
  â”‚ lis. Est harum ratione. Labore sapiente ut et dolor re
  â”‚ pellendus quos placeat nulla eum. Ea autem animi conse
  â”‚ ctetur molestiae autem aut rem et atque. Perspiciatis 
  â”‚ eum sit qui sit eaque consectetur sapiente. Officiis t
  â”‚ otam aliquam ad aliquam consequuntur.",\n' +
  â”‚   '  "user_id": null,\n' +
  â”‚   '  "user_key": null,\n' +
  â”‚   '  "username": null,\n' +
  â”‚   '  "user_bio": null,\n' +
  â”‚   '  "reply_to": null,\n' +
  â”‚   '  "replies": []\n' +
  â”‚   '} saved'
  â”‚ '_postNo: saved'
  â”‚ '_postVarName: saved'
  â”‚ '_postRepo: saved'
  â”‚ 'ctx save end---'
  â””

â†³ /post: create post  --msg&reply_to&user_id&user_key
  â”Œ
  â”‚ 'ctx restore start...'
  â”‚ '_encodeJSON:  restored'
  â”‚ '_decodeJSON:  restored'
  â”‚ '_user: null restored JSON'
  â”‚ '_userPrev: null restored JSON'
  â”‚ '_userNo:  restored'
  â”‚ '_userVarName:  restored'
  â”‚ '_userRepo:  restored'
  â”‚ '_post: null restored JSON'
  â”‚ '_postPrev: {"post_id":null,"post_key":null,"timestamp
  â”‚ ":"2023-12-17T03:13:39.722893","msg":"Qui et iusto pra
  â”‚ esentium perferendis facilis. Est harum ratione. Labor
  â”‚ e sapiente ut et dolor repellendus quos placeat nulla 
  â”‚ eum. Ea autem animi consectetur molestiae autem aut re
  â”‚ m et atque. Perspiciatis eum sit qui sit eaque consect
  â”‚ etur sapiente. Officiis totam aliquam ad aliquam conse
  â”‚ quuntur.","user_id":null,"user_key":null,"username":nu
  â”‚ ll,"user_bio":null,"reply_to":null,"replies":[]} resto
  â”‚ red JSON'
  â”‚ '_postNo:  restored'
  â”‚ '_postVarName:  restored'
  â”‚ '_postRepo:  restored'
  â”‚ 'ctx restore end---'
  â””
  POST http://127.0.0.1:5000/post [200 OK, 546B, 3ms]
 17. return 'post_id', 'post_key', 'msg', 'timestamp', 'user_id', 'username', 'reply_to'
 18. 'post_id' should be a postive int
 19. 'post_key' should be a non-empty string
  âœ“  'timestamp' is ISO format
  âœ“  'timestamp' has correct date and time
  âœ“  'msg' should be a non-empty string
 20. 'user_id' should be a postive int
 21. 'user_key' should be a non-empty string
 22. 'username' should be a non-empty string
 23. 'reply_to' should be a postive int
  âœ“  'replies' is expected to be absent or present with trivial value
  â”Œ
  â”‚ 'ctx save start...'
  â”‚ '_pm skipped'
  â”‚ '_encodeJSON: saved'
  â”‚ '_decodeJSON: saved'
  â”‚ '_user: null saved'
  â”‚ '_userPrev: null saved'
  â”‚ '_userNo: saved'
  â”‚ '_userVarName: saved'
  â”‚ '_userRepo: saved'
  â”‚ '_post: null saved'
  â”‚ '_postPrev: {\n' +
  â”‚   '  "post_id": null,\n' +
  â”‚   '  "post_key": null,\n' +
  â”‚   '  "timestamp": "2023-12-17T03:13:39.750376",\n' +
  â”‚   '  "msg": "Est ut voluptates aperiam voluptas doloru
  â”‚ m reiciendis fuga sint est. Omnis quam modi quia. Sed 
  â”‚ aspernatur nemo officia necessitatibus sed quia. Tempo
  â”‚ re eius ipsam eos. Tempore aperiam voluptatem pariatur
  â”‚  vel eaque maxime temporibus sequi. Omnis reiciendis i
  â”‚ mpedit ut.",\n' +
  â”‚   '  "user_id": null,\n' +
  â”‚   '  "user_key": null,\n' +
  â”‚   '  "username": null,\n' +
  â”‚   '  "user_bio": null,\n' +
  â”‚   '  "reply_to": null,\n' +
  â”‚   '  "replies": []\n' +
  â”‚   '} saved'
  â”‚ '_postNo: saved'
  â”‚ '_postVarName: saved'
  â”‚ '_postRepo: saved'
  â”‚ 'ctx save end---'
  â””

â†³ ------
  â”Œ
  â”‚ 'ctx restore start...'
  â”‚ '_encodeJSON:  restored'
  â”‚ '_decodeJSON:  restored'
  â”‚ '_user: null restored JSON'
  â”‚ '_userPrev: null restored JSON'
  â”‚ '_userNo:  restored'
  â”‚ '_userVarName:  restored'
  â”‚ '_userRepo:  restored'
  â”‚ '_post: null restored JSON'
  â”‚ '_postPrev: {"post_id":null,"post_key":null,"timestamp
  â”‚ ":"2023-12-17T03:13:39.750376","msg":"Est ut voluptate
  â”‚ s aperiam voluptas dolorum reiciendis fuga sint est. O
  â”‚ mnis quam modi quia. Sed aspernatur nemo officia neces
  â”‚ sitatibus sed quia. Tempore eius ipsam eos. Tempore ap
  â”‚ eriam voluptatem pariatur vel eaque maxime temporibus 
  â”‚ sequi. Omnis reiciendis impedit ut.","user_id":null,"u
  â”‚ ser_key":null,"username":null,"user_bio":null,"reply_t
  â”‚ o":null,"replies":[]} restored JSON'
  â”‚ '_postNo:  restored'
  â”‚ '_postVarName:  restored'
  â”‚ '_postRepo:  restored'
  â”‚ 'ctx restore end---'
  â””
  POST http://127.0.0.1:5000/user [400 BAD REQUEST, 212B, 2ms]

â†³ /post: create post --no-msg
  â”Œ
  â”‚ 'ctx restore start...'
  â”‚ '_encodeJSON:  restored'
  â”‚ '_decodeJSON:  restored'
  â”‚ '_user: null restored JSON'
  â”‚ '_userPrev: null restored JSON'
  â”‚ '_userNo:  restored'
  â”‚ '_userVarName:  restored'
  â”‚ '_userRepo:  restored'
  â”‚ '_post: null restored JSON'
  â”‚ '_postPrev: {"post_id":null,"post_key":null,"timestamp
  â”‚ ":"2023-12-17T03:13:39.750376","msg":"Est ut voluptate
  â”‚ s aperiam voluptas dolorum reiciendis fuga sint est. O
  â”‚ mnis quam modi quia. Sed aspernatur nemo officia neces
  â”‚ sitatibus sed quia. Tempore eius ipsam eos. Tempore ap
  â”‚ eriam voluptatem pariatur vel eaque maxime temporibus 
  â”‚ sequi. Omnis reiciendis impedit ut.","user_id":null,"u
  â”‚ ser_key":null,"username":null,"user_bio":null,"reply_t
  â”‚ o":null,"replies":[]} restored JSON'
  â”‚ '_postNo:  restored'
  â”‚ '_postVarName:  restored'
  â”‚ '_postRepo:  restored'
  â”‚ 'ctx restore end---'
  â””
  POST http://127.0.0.1:5000/post [400 BAD REQUEST, 199B, 3ms]
  âœ“  no 'msg'

â†³ /post: create post --empty-msg
  â”Œ
  â”‚ 'ctx restore start...'
  â”‚ '_encodeJSON:  restored'
  â”‚ '_decodeJSON:  restored'
  â”‚ '_user: null restored JSON'
  â”‚ '_userPrev: null restored JSON'
  â”‚ '_userNo:  restored'
  â”‚ '_userVarName:  restored'
  â”‚ '_userRepo:  restored'
  â”‚ '_post: null restored JSON'
  â”‚ '_postPrev: {"post_id":null,"post_key":null,"timestamp
  â”‚ ":"2023-12-17T03:13:39.750376","msg":"Est ut voluptate
  â”‚ s aperiam voluptas dolorum reiciendis fuga sint est. O
  â”‚ mnis quam modi quia. Sed aspernatur nemo officia neces
  â”‚ sitatibus sed quia. Tempore eius ipsam eos. Tempore ap
  â”‚ eriam voluptatem pariatur vel eaque maxime temporibus 
  â”‚ sequi. Omnis reiciendis impedit ut.","user_id":null,"u
  â”‚ ser_key":null,"username":null,"user_bio":null,"reply_t
  â”‚ o":null,"replies":[]} restored JSON'
  â”‚ '_postNo:  restored'
  â”‚ '_postVarName:  restored'
  â”‚ '_postRepo:  restored'
  â”‚ 'ctx restore end---'
  â””
  POST http://127.0.0.1:5000/post [400 BAD REQUEST, 200B, 3ms]
  âœ“  empty 'msg'

â†³ /post: create post  --msg&user_id
  â”Œ
  â”‚ 'ctx restore start...'
  â”‚ '_encodeJSON:  restored'
  â”‚ '_decodeJSON:  restored'
  â”‚ '_user: null restored JSON'
  â”‚ '_userPrev: null restored JSON'
  â”‚ '_userNo:  restored'
  â”‚ '_userVarName:  restored'
  â”‚ '_userRepo:  restored'
  â”‚ '_post: null restored JSON'
  â”‚ '_postPrev: {"post_id":null,"post_key":null,"timestamp
  â”‚ ":"2023-12-17T03:13:39.750376","msg":"Est ut voluptate
  â”‚ s aperiam voluptas dolorum reiciendis fuga sint est. O
  â”‚ mnis quam modi quia. Sed aspernatur nemo officia neces
  â”‚ sitatibus sed quia. Tempore eius ipsam eos. Tempore ap
  â”‚ eriam voluptatem pariatur vel eaque maxime temporibus 
  â”‚ sequi. Omnis reiciendis impedit ut.","user_id":null,"u
  â”‚ ser_key":null,"username":null,"user_bio":null,"reply_t
  â”‚ o":null,"replies":[]} restored JSON'
  â”‚ '_postNo:  restored'
  â”‚ '_postVarName:  restored'
  â”‚ '_postRepo:  restored'
  â”‚ 'ctx restore end---'
  â””
  POST http://127.0.0.1:5000/post [200 OK, 392B, 5ms]
 24. missing 'user_key'

â†³ /post: create post  --msg&user_key
  â”Œ
  â”‚ 'ctx restore start...'
  â”‚ '_encodeJSON:  restored'
  â”‚ '_decodeJSON:  restored'
  â”‚ '_user: null restored JSON'
  â”‚ '_userPrev: null restored JSON'
  â”‚ '_userNo:  restored'
  â”‚ '_userVarName:  restored'
  â”‚ '_userRepo:  restored'
  â”‚ '_post: null restored JSON'
  â”‚ '_postPrev: {"post_id":null,"post_key":null,"timestamp
  â”‚ ":"2023-12-17T03:13:39.750376","msg":"Est ut voluptate
  â”‚ s aperiam voluptas dolorum reiciendis fuga sint est. O
  â”‚ mnis quam modi quia. Sed aspernatur nemo officia neces
  â”‚ sitatibus sed quia. Tempore eius ipsam eos. Tempore ap
  â”‚ eriam voluptatem pariatur vel eaque maxime temporibus 
  â”‚ sequi. Omnis reiciendis impedit ut.","user_id":null,"u
  â”‚ ser_key":null,"username":null,"user_bio":null,"reply_t
  â”‚ o":null,"replies":[]} restored JSON'
  â”‚ '_postNo:  restored'
  â”‚ '_postVarName:  restored'
  â”‚ '_postRepo:  restored'
  â”‚ 'ctx restore end---'
  â””
  POST http://127.0.0.1:5000/post [200 OK, 497B, 3ms]
 25. missing 'user_id'

â ---templates--- / read post
â†³ /post/<post_id>: read post
  â”Œ
  â”‚ 'ctx restore start...'
  â”‚ '_encodeJSON:  restored'
  â”‚ '_decodeJSON:  restored'
  â”‚ '_user: null restored JSON'
  â”‚ '_userPrev: null restored JSON'
  â”‚ '_userNo:  restored'
  â”‚ '_userVarName:  restored'
  â”‚ '_userRepo:  restored'
  â”‚ '_post: null restored JSON'
  â”‚ '_postPrev: {"post_id":null,"post_key":null,"timestamp
  â”‚ ":"2023-12-17T03:13:39.750376","msg":"Est ut voluptate
  â”‚ s aperiam voluptas dolorum reiciendis fuga sint est. O
  â”‚ mnis quam modi quia. Sed aspernatur nemo officia neces
  â”‚ sitatibus sed quia. Tempore eius ipsam eos. Tempore ap
  â”‚ eriam voluptatem pariatur vel eaque maxime temporibus 
  â”‚ sequi. Omnis reiciendis impedit ut.","user_id":null,"u
  â”‚ ser_key":null,"username":null,"user_bio":null,"reply_t
  â”‚ o":null,"replies":[]} restored JSON'
  â”‚ '_postNo:  restored'
  â”‚ '_postVarName:  restored'
  â”‚ '_postRepo:  restored'
  â”‚ 'ctx restore end---'
  â”‚ {
  â”‚   post_id: null,
  â”‚   post_key: null,
  â”‚   timestamp: '2023-12-17T03:13:39.750376',
  â”‚   msg: 'Est ut voluptates aperiam voluptas dolorum rei
  â”‚ ciendis fuga sint est. Omnis quam modi quia. Sed asper
  â”‚ natur nemo officia necessitatibus sed quia. Tempore ei
  â”‚ us ipsam eos. Tempore aperiam voluptatem pariatur vel 
  â”‚ eaque maxime temporibus sequi. Omnis reiciendis impedi
  â”‚ t ut.',
  â”‚   user_id: null,
  â”‚   user_key: null,
  â”‚   username: null,
  â”‚   user_bio: null,
  â”‚   reply_to: null,
  â”‚   replies: []
  â”‚ }
  â”‚ 'post'
  â””
  GET http://127.0.0.1:5000/post/null [404 NOT FOUND, 319B, 3ms]
 26. return 'post_id', 'timestamp', 'msg'
 27. 'post_id' should be a postive int
  âœ“  'post_key' is expected to be absent or present with trivial value
 28. 'timestamp' is ISO format
 29. 'timestamp' has correct date and time
 30. 'msg' should be a non-empty string
  âœ“  'user_key' is expected to be absent or present with trivial value
 31. return correct 'post_id', 'timestamp', 'msg'

â†³ /post: time range query #Ext4---
  â”Œ
  â”‚ 'ctx restore start...'
  â”‚ '_encodeJSON:  restored'
  â”‚ '_decodeJSON:  restored'
  â”‚ '_user: null restored JSON'
  â”‚ '_userPrev: null restored JSON'
  â”‚ '_userNo:  restored'
  â”‚ '_userVarName:  restored'
  â”‚ '_userRepo:  restored'
  â”‚ '_post: null restored JSON'
  â”‚ '_postPrev: {"post_id":null,"post_key":null,"timestamp
  â”‚ ":"2023-12-17T03:13:39.750376","msg":"Est ut voluptate
  â”‚ s aperiam voluptas dolorum reiciendis fuga sint est. O
  â”‚ mnis quam modi quia. Sed aspernatur nemo officia neces
  â”‚ sitatibus sed quia. Tempore eius ipsam eos. Tempore ap
  â”‚ eriam voluptatem pariatur vel eaque maxime temporibus 
  â”‚ sequi. Omnis reiciendis impedit ut.","user_id":null,"u
  â”‚ ser_key":null,"username":null,"user_bio":null,"reply_t
  â”‚ o":null,"replies":[]} restored JSON'
  â”‚ '_postNo:  restored'
  â”‚ '_postVarName:  restored'
  â”‚ '_postRepo:  restored'
  â”‚ 'ctx restore end---'
  â””
  GET http://127.0.0.1:5000/post?start=2023-12-16T08:03:39.909Z&end=2023-12-17T08:13:39.909Z [500 INTERNAL SERVER ERROR, 230B, 3ms]

â†³ /post: user range query #Ext5---
  â”Œ
  â”‚ 'ctx restore start...'
  â”‚ '_encodeJSON:  restored'
  â”‚ '_decodeJSON:  restored'
  â”‚ '_user: null restored JSON'
  â”‚ '_userPrev: null restored JSON'
  â”‚ '_userNo:  restored'
  â”‚ '_userVarName:  restored'
  â”‚ '_userRepo:  restored'
  â”‚ '_post: null restored JSON'
  â”‚ '_postPrev: {"post_id":null,"post_key":null,"timestamp
  â”‚ ":"2023-12-17T03:13:39.750376","msg":"Est ut voluptate
  â”‚ s aperiam voluptas dolorum reiciendis fuga sint est. O
  â”‚ mnis quam modi quia. Sed aspernatur nemo officia neces
  â”‚ sitatibus sed quia. Tempore eius ipsam eos. Tempore ap
  â”‚ eriam voluptatem pariatur vel eaque maxime temporibus 
  â”‚ sequi. Omnis reiciendis impedit ut.","user_id":null,"u
  â”‚ ser_key":null,"username":null,"user_bio":null,"reply_t
  â”‚ o":null,"replies":[]} restored JSON'
  â”‚ '_postNo:  restored'
  â”‚ '_postVarName:  restored'
  â”‚ '_postRepo:  restored'
  â”‚ 'ctx restore end---'
  â””
  GET http://127.0.0.1:5000/post [400 BAD REQUEST, 246B, 2ms]

â ---templates--- / delete post
â†³ /post/<post_id>/delete/<key>: delete post---
  â”Œ
  â”‚ 'ctx restore start...'
  â”‚ '_encodeJSON:  restored'
  â”‚ '_decodeJSON:  restored'
  â”‚ '_user: null restored JSON'
  â”‚ '_userPrev: null restored JSON'
  â”‚ '_userNo:  restored'
  â”‚ '_userVarName:  restored'
  â”‚ '_userRepo:  restored'
  â”‚ '_post: null restored JSON'
  â”‚ '_postPrev: {"post_id":null,"post_key":null,"timestamp
  â”‚ ":"2023-12-17T03:13:39.750376","msg":"Est ut voluptate
  â”‚ s aperiam voluptas dolorum reiciendis fuga sint est. O
  â”‚ mnis quam modi quia. Sed aspernatur nemo officia neces
  â”‚ sitatibus sed quia. Tempore eius ipsam eos. Tempore ap
  â”‚ eriam voluptatem pariatur vel eaque maxime temporibus 
  â”‚ sequi. Omnis reiciendis impedit ut.","user_id":null,"u
  â”‚ ser_key":null,"username":null,"user_bio":null,"reply_t
  â”‚ o":null,"replies":[]} restored JSON'
  â”‚ '_postNo:  restored'
  â”‚ '_postVarName:  restored'
  â”‚ '_postRepo:  restored'
  â”‚ 'ctx restore end---'
  â””
 32â „ TypeError in prerequest-script
  DELETE http://127.0.0.1:5000/post/<post_id>/delete/<key> [404 NOT FOUND, 319B, 3ms]

[90mâ”Œâ”€â”€â”€â”€â”€â”€â”€â”€â”€â”€â”€â”€â”€â”€â”€â”€â”€â”€â”€â”€â”€â”€â”€â”€â”€[39m[90mâ”¬â”€â”€â”€â”€â”€â”€â”€â”€â”€â”€â”€â”€â”€â”€â”€â”€â”€[39m[90mâ”¬â”€â”€â”€â”€â”€â”€â”€â”€â”€â”€â”€â”€â”€â”€â”€â”€â”€â”[39m
[90mâ”‚[39m                         [90mâ”‚[39m        executed [90mâ”‚[39m          failed [90mâ”‚[39m
[90mâ”œâ”€â”€â”€â”€â”€â”€â”€â”€â”€â”€â”€â”€â”€â”€â”€â”€â”€â”€â”€â”€â”€â”€â”€â”€â”€[39m[90mâ”¼â”€â”€â”€â”€â”€â”€â”€â”€â”€â”€â”€â”€â”€â”€â”€â”€â”€[39m[90mâ”¼â”€â”€â”€â”€â”€â”€â”€â”€â”€â”€â”€â”€â”€â”€â”€â”€â”€â”¤[39m
[90mâ”‚[39m              iterations [90mâ”‚[39m               1 [90mâ”‚[39m               0 [90mâ”‚[39m
[90mâ”œâ”€â”€â”€â”€â”€â”€â”€â”€â”€â”€â”€â”€â”€â”€â”€â”€â”€â”€â”€â”€â”€â”€â”€â”€â”€[39m[90mâ”¼â”€â”€â”€â”€â”€â”€â”€â”€â”€â”€â”€â”€â”€â”€â”€â”€â”€[39m[90mâ”¼â”€â”€â”€â”€â”€â”€â”€â”€â”€â”€â”€â”€â”€â”€â”€â”€â”€â”¤[39m
[90mâ”‚[39m                requests [90mâ”‚[39m              14 [90mâ”‚[39m               0 [90mâ”‚[39m
[90mâ”œâ”€â”€â”€â”€â”€â”€â”€â”€â”€â”€â”€â”€â”€â”€â”€â”€â”€â”€â”€â”€â”€â”€â”€â”€â”€[39m[90mâ”¼â”€â”€â”€â”€â”€â”€â”€â”€â”€â”€â”€â”€â”€â”€â”€â”€â”€[39m[90mâ”¼â”€â”€â”€â”€â”€â”€â”€â”€â”€â”€â”€â”€â”€â”€â”€â”€â”€â”¤[39m
[90mâ”‚[39m            test-scripts [90mâ”‚[39m              42 [90mâ”‚[39m               0 [90mâ”‚[39m
[90mâ”œâ”€â”€â”€â”€â”€â”€â”€â”€â”€â”€â”€â”€â”€â”€â”€â”€â”€â”€â”€â”€â”€â”€â”€â”€â”€[39m[90mâ”¼â”€â”€â”€â”€â”€â”€â”€â”€â”€â”€â”€â”€â”€â”€â”€â”€â”€[39m[90mâ”¼â”€â”€â”€â”€â”€â”€â”€â”€â”€â”€â”€â”€â”€â”€â”€â”€â”€â”¤[39m
[90mâ”‚[39m      prerequest-scripts [90mâ”‚[39m              42 [90mâ”‚[39m               1 [90mâ”‚[39m
[90mâ”œâ”€â”€â”€â”€â”€â”€â”€â”€â”€â”€â”€â”€â”€â”€â”€â”€â”€â”€â”€â”€â”€â”€â”€â”€â”€[39m[90mâ”¼â”€â”€â”€â”€â”€â”€â”€â”€â”€â”€â”€â”€â”€â”€â”€â”€â”€[39m[90mâ”¼â”€â”€â”€â”€â”€â”€â”€â”€â”€â”€â”€â”€â”€â”€â”€â”€â”€â”¤[39m
[90mâ”‚[39m              assertions [90mâ”‚[39m              62 [90mâ”‚[39m              31 [90mâ”‚[39m
[90mâ”œâ”€â”€â”€â”€â”€â”€â”€â”€â”€â”€â”€â”€â”€â”€â”€â”€â”€â”€â”€â”€â”€â”€â”€â”€â”€â”´â”€â”€â”€â”€â”€â”€â”€â”€â”€â”€â”€â”€â”€â”€â”€â”€â”€â”´â”€â”€â”€â”€â”€â”€â”€â”€â”€â”€â”€â”€â”€â”€â”€â”€â”€â”¤[39m
[90mâ”‚[39m total run duration: 393ms                                   [90mâ”‚[39m
[90mâ”œâ”€â”€â”€â”€â”€â”€â”€â”€â”€â”€â”€â”€â”€â”€â”€â”€â”€â”€â”€â”€â”€â”€â”€â”€â”€â”€â”€â”€â”€â”€â”€â”€â”€â”€â”€â”€â”€â”€â”€â”€â”€â”€â”€â”€â”€â”€â”€â”€â”€â”€â”€â”€â”€â”€â”€â”€â”€â”€â”€â”€â”€â”¤[39m
[90mâ”‚[39m total data received: 2.65kB (approx)                        [90mâ”‚[39m
[90mâ”œâ”€â”€â”€â”€â”€â”€â”€â”€â”€â”€â”€â”€â”€â”€â”€â”€â”€â”€â”€â”€â”€â”€â”€â”€â”€â”€â”€â”€â”€â”€â”€â”€â”€â”€â”€â”€â”€â”€â”€â”€â”€â”€â”€â”€â”€â”€â”€â”€â”€â”€â”€â”€â”€â”€â”€â”€â”€â”€â”€â”€â”€â”¤[39m
[90mâ”‚[39m average response time: 4ms [min: 2ms, max: 26ms, s.d.: 5ms] [90mâ”‚[39m
[90mâ””â”€â”€â”€â”€â”€â”€â”€â”€â”€â”€â”€â”€â”€â”€â”€â”€â”€â”€â”€â”€â”€â”€â”€â”€â”€â”€â”€â”€â”€â”€â”€â”€â”€â”€â”€â”€â”€â”€â”€â”€â”€â”€â”€â”€â”€â”€â”€â”€â”€â”€â”€â”€â”€â”€â”€â”€â”€â”€â”€â”€â”€â”˜[39m

[31m   # [39m[31m failure        [39m[31m detail                                                                                       [39m
[90m     [39m[90m                [39m[90m                                                                                              [39m
 01.  AssertionError  return 'user_id', 'user_key', 'username', 'user_bio'                                         
                      expected { id: 1, â€¦(4) } in response to contain property 'user_id'                           
                      at assertion:0 in test-script                                                                
                      inside "---templates--- / create post / ---/user: create user #Ext1 Copy---"                 
[90m     [39m[90m                [39m[90m                                                                                              [39m
 02.  AssertionError  'user_id' should be a postive int                                                            
                      expected false to be true                                                                    
                      at assertion:1 in test-script                                                                
                      inside "---templates--- / create post / ---/user: create user #Ext1 Copy---"                 
[90m     [39m[90m                [39m[90m                                                                                              [39m
 03.  AssertionError  'user_key' should be a non-empty string                                                      
                      expected false to be true                                                                    
                      at assertion:2 in test-script                                                                
                      inside "---templates--- / create post / ---/user: create user #Ext1 Copy---"                 
[90m     [39m[90m                [39m[90m                                                                                              [39m
 04.  AssertionError  return 'post_id', 'post_key', 'timestamp', 'msg'                                             
                      expected { id: 1, â€¦(4) } in response to contain property 'post_id'                           
                      at assertion:0 in test-script                                                                
                      inside "---templates--- / create post / /post: create post  --msg"                           
[90m     [39m[90m                [39m[90m                                                                                              [39m
 05.  AssertionError  'post_id' should be a postive int                                                            
                      expected false to be true                                                                    
                      at assertion:1 in test-script                                                                
                      inside "---templates--- / create post / /post: create post  --msg"                           
[90m     [39m[90m                [39m[90m                                                                                              [39m
 06.  AssertionError  'post_key' should be a non-empty string                                                      
                      expected false to be true                                                                    
                      at assertion:2 in test-script                                                                
                      inside "---templates--- / create post / /post: create post  --msg"                           
[90m     [39m[90m                [39m[90m                                                                                              [39m
 07.  AssertionError  return 'post_id', 'post_key', 'msg', 'timestamp', 'reply_to'                                 
                      expected { id: 2, â€¦(4) } in response to contain property 'post_id'                           
                      at assertion:0 in test-script                                                                
                      inside "---templates--- / create post / /post: create post  --msg&reply_to"                  
[90m     [39m[90m                [39m[90m                                                                                              [39m
 08.  AssertionError  'post_id' should be a postive int                                                            
                      expected false to be true                                                                    
                      at assertion:1 in test-script                                                                
                      inside "---templates--- / create post / /post: create post  --msg&reply_to"                  
[90m     [39m[90m                [39m[90m                                                                                              [39m
 09.  AssertionError  'post_key' should be a non-empty string                                                      
                      expected false to be true                                                                    
                      at assertion:2 in test-script                                                                
                      inside "---templates--- / create post / /post: create post  --msg&reply_to"                  
[90m     [39m[90m                [39m[90m                                                                                              [39m
 10.  AssertionError  'reply_to' should be a postive int                                                           
                      expected false to be true                                                                    
                      at assertion:6 in test-script                                                                
                      inside "---templates--- / create post / /post: create post  --msg&reply_to"                  
[90m     [39m[90m                [39m[90m                                                                                              [39m
 11.  AssertionError  return 'post_id', 'post_key', 'msg', 'timestamp', 'user_id', 'username'                      
                      expected { id: 3, â€¦(4) } in response to contain property 'post_id'                           
                      at assertion:0 in test-script                                                                
                      inside "---templates--- / create post / /post: create post  --msg&user_id&user_key"          
[90m     [39m[90m                [39m[90m                                                                                              [39m
 12.  AssertionError  'post_id' should be a postive int                                                            
                      expected false to be true                                                                    
                      at assertion:1 in test-script                                                                
                      inside "---templates--- / create post / /post: create post  --msg&user_id&user_key"          
[90m     [39m[90m                [39m[90m                                                                                              [39m
 13.  AssertionError  'post_key' should be a non-empty string                                                      
                      expected false to be true                                                                    
                      at assertion:2 in test-script                                                                
                      inside "---templates--- / create post / /post: create post  --msg&user_id&user_key"          
[90m     [39m[90m                [39m[90m                                                                                              [39m
 14.  AssertionError  'user_id' should be a postive int                                                            
                      expected false to be true                                                                    
                      at assertion:6 in test-script                                                                
                      inside "---templates--- / create post / /post: create post  --msg&user_id&user_key"          
[90m     [39m[90m                [39m[90m                                                                                              [39m
 15.  AssertionError  'user_key' should be a non-empty string                                                      
                      expected false to be true                                                                    
                      at assertion:7 in test-script                                                                
                      inside "---templates--- / create post / /post: create post  --msg&user_id&user_key"          
[90m     [39m[90m                [39m[90m                                                                                              [39m
 16.  AssertionError  'username' should be a non-empty string                                                      
                      expected false to be true                                                                    
                      at assertion:8 in test-script                                                                
                      inside "---templates--- / create post / /post: create post  --msg&user_id&user_key"          
[90m     [39m[90m                [39m[90m                                                                                              [39m
 17.  AssertionError  return 'post_id', 'post_key', 'msg', 'timestamp', 'user_id', 'username', 'reply_to'          
                      expected { id: 4, â€¦(4) } in response to contain property 'post_id'                           
                      at assertion:0 in test-script                                                                
                      inside "---templates--- / create post / /post: create post  --msg&reply_to&user_id&user_key" 
[90m     [39m[90m                [39m[90m                                                                                              [39m
 18.  AssertionError  'post_id' should be a postive int                                                            
                      expected false to be true                                                                    
                      at assertion:1 in test-script                                                                
                      inside "---templates--- / create post / /post: create post  --msg&reply_to&user_id&user_key" 
[90m     [39m[90m                [39m[90m                                                                                              [39m
 19.  AssertionError  'post_key' should be a non-empty string                                                      
                      expected false to be true                                                                    
                      at assertion:2 in test-script                                                                
                      inside "---templates--- / create post / /post: create post  --msg&reply_to&user_id&user_key" 
[90m     [39m[90m                [39m[90m                                                                                              [39m
 20.  AssertionError  'user_id' should be a postive int                                                            
                      expected false to be true                                                                    
                      at assertion:6 in test-script                                                                
                      inside "---templates--- / create post / /post: create post  --msg&reply_to&user_id&user_key" 
[90m     [39m[90m                [39m[90m                                                                                              [39m
 21.  AssertionError  'user_key' should be a non-empty string                                                      
                      expected false to be true                                                                    
                      at assertion:7 in test-script                                                                
                      inside "---templates--- / create post / /post: create post  --msg&reply_to&user_id&user_key" 
[90m     [39m[90m                [39m[90m                                                                                              [39m
 22.  AssertionError  'username' should be a non-empty string                                                      
                      expected false to be true                                                                    
                      at assertion:8 in test-script                                                                
                      inside "---templates--- / create post / /post: create post  --msg&reply_to&user_id&user_key" 
[90m     [39m[90m                [39m[90m                                                                                              [39m
 23.  AssertionError  'reply_to' should be a postive int                                                           
                      expected false to be true                                                                    
                      at assertion:9 in test-script                                                                
                      inside "---templates--- / create post / /post: create post  --msg&reply_to&user_id&user_key" 
[90m     [39m[90m                [39m[90m                                                                                              [39m
 24.  AssertionError  missing 'user_key'                                                                           
                      expected response to have status code 400 but got 200                                        
                      at assertion:0 in test-script                                                                
                      inside "---templates--- / create post / /post: create post  --msg&user_id"                   
[90m     [39m[90m                [39m[90m                                                                                              [39m
 25.  AssertionError  missing 'user_id'                                                                            
                      expected response to have status code 400 but got 200                                        
                      at assertion:0 in test-script                                                                
                      inside "---templates--- / create post / /post: create post  --msg&user_key"                  
[90m     [39m[90m                [39m[90m                                                                                              [39m
 26.  AssertionError  return 'post_id', 'timestamp', 'msg'                                                         
                      expected response to have status code 200 but got 404                                        
                      at assertion:0 in test-script                                                                
                      inside "---templates--- / read post / /post/<post_id>: read post"                            
[90m     [39m[90m                [39m[90m                                                                                              [39m
 27.  AssertionError  'post_id' should be a postive int                                                            
                      expected false to be true                                                                    
                      at assertion:1 in test-script                                                                
                      inside "---templates--- / read post / /post/<post_id>: read post"                            
[90m     [39m[90m                [39m[90m                                                                                              [39m
 28.  AssertionError  'timestamp' is ISO format                                                                    
                      expected false to be true                                                                    
                      at assertion:2 in test-script                                                                
                      inside "---templates--- / read post / /post/<post_id>: read post"                            
[90m     [39m[90m                [39m[90m                                                                                              [39m
 29.  AssertionError  'timestamp' has correct date and time                                                        
                      expected 1702800819898 to be below 3000                                                      
                      at assertion:3 in test-script                                                                
                      inside "---templates--- / read post / /post/<post_id>: read post"                            
[90m     [39m[90m                [39m[90m                                                                                              [39m
 30.  AssertionError  'msg' should be a non-empty string                                                           
                      expected false to be true                                                                    
                      at assertion:4 in test-script                                                                
                      inside "---templates--- / read post / /post/<post_id>: read post"                            
[90m     [39m[90m                [39m[90m                                                                                              [39m
 31.  AssertionError  return correct 'post_id', 'timestamp', 'msg'                                                 
                      expected null to equal '2023-12-17T03:13:39.750376'                                          
                      at assertion:5 in test-script                                                                
                      inside "---templates--- / read post / /post/<post_id>: read post"                            
[90m     [39m[90m                [39m[90m                                                                                              [39m
 32.  TypeError                                                                                                    
                      Cannot read properties of undefined (reading 'update')                                       
                      at prerequest-script                                                                         
                      inside "---templates--- / delete post / /post/<post_id>/delete/<key>: delete post---"        
